<?xml version="1.0" encoding="UTF-8"?>
<!-- Generated by org.testng.reporters.JUnitReportReporter -->
<testsuite hostname="INENAPOORAL2C" failures="0" tests="2" name="Testcases.Test1" time="12.913" errors="0" timestamp="11 Jan 2020 08:21:12 GMT" skipped="1">
  <testcase classname="Testcases.Test1" name="checkExcel" time="12.913"/>
  <testcase classname="Testcases.Test1" name="login">
    <skipped/>
  </testcase> <!-- login -->
</testsuite> <!-- Testcases.Test1 -->
