<?xml version="1.0" encoding="UTF-8"?>
<!-- Generated by org.testng.reporters.JUnitReportReporter -->
<testsuite hostname="INENAPOORAL2C" failures="0" tests="3" name="Grid.Chrome_Grid" time="22.506" errors="0" timestamp="15 Dec 2019 15:44:07 GMT" skipped="0">
  <testcase classname="Grid.Chrome_Grid" name="test1" time="5.715"/>
  <testcase classname="Grid.Chrome_Grid" name="test3" time="7.351"/>
  <testcase classname="Grid.Chrome_Grid" name="test2" time="9.440"/>
</testsuite> <!-- Grid.Chrome_Grid -->
