<?xml version="1.0" encoding="UTF-8"?>
<!-- Generated by org.testng.reporters.JUnitReportReporter -->
<testsuite hostname="INENAPOORAL2C" failures="0" tests="6" name="Testng.Groups" time="0.037" errors="0" timestamp="12 Jan 2020 17:14:10 GMT" skipped="0">
  <testcase classname="Testng.Groups" name="test8" time="0.003"/>
  <testcase classname="Testng.Groups" name="test6" time="0.003"/>
  <testcase classname="Testng.Groups" name="test4" time="0.002"/>
  <testcase classname="Testng.Groups" name="test5" time="0.003"/>
  <testcase classname="Testng.Groups" name="test7" time="0.005"/>
  <testcase classname="Testng.Groups" name="test3" time="0.021"/>
</testsuite> <!-- Testng.Groups -->
