<?xml version="1.0" encoding="UTF-8"?>
<!-- Generated by org.testng.reporters.JUnitReportReporter -->
<testsuite hostname="INENAPOORAL2C" failures="0" tests="4" name="Parameters.FirstClass" time="0.011" errors="0" timestamp="24 Dec 2019 10:08:46 GMT" skipped="0">
  <testcase classname="Parameters.FirstClass" name="test1" time="0.002"/>
  <testcase classname="Parameters.FirstClass" name="test2" time="0.004"/>
  <testcase classname="Parameters.FirstClass" name="test1" time="0.002"/>
  <testcase classname="Parameters.FirstClass" name="test2" time="0.003"/>
</testsuite> <!-- Parameters.FirstClass -->
