<?xml version="1.0" encoding="UTF-8"?>
<!-- Generated by org.testng.reporters.JUnitReportReporter -->
<testsuite hostname="INENAPOORAL2C" failures="0" tests="2" name="Testng.SkipTest" time="0.016" errors="0" timestamp="18 Dec 2019 04:00:47 GMT" skipped="1">
  <testcase classname="Testng.SkipTest" name="second" time="0.010"/>
  <testcase classname="Testng.SkipTest" name="check" time="0.006">
    <skipped/>
  </testcase> <!-- check -->
</testsuite> <!-- Testng.SkipTest -->
