<?xml version="1.0" encoding="UTF-8"?>
<!-- Generated by org.testng.reporters.JUnitReportReporter -->
<testsuite hostname="INENAPOORAL2C" failures="0" tests="4" name="Testng.Sample" time="0.016" errors="0" timestamp="18 Dec 2019 05:05:32 GMT" skipped="0">
  <testcase classname="Testng.Sample" name="login3" time="0.001"/>
  <testcase classname="Testng.Sample" name="login1" time="0.002"/>
  <testcase classname="Testng.Sample" name="login4" time="0.001"/>
  <testcase classname="Testng.Sample" name="login2" time="0.012"/>
</testsuite> <!-- Testng.Sample -->
