<?xml version="1.0" encoding="UTF-8"?>
<!-- Generated by org.testng.reporters.JUnitReportReporter -->
<testsuite hostname="INENAPOORAL2C" failures="0" tests="4" name="Parameters.SecondClass" time="0.035" errors="0" timestamp="24 Dec 2019 10:08:46 GMT" skipped="0">
  <testcase classname="Parameters.SecondClass" name="test4" time="0.003"/>
  <testcase classname="Parameters.SecondClass" name="test4" time="0.002"/>
  <testcase classname="Parameters.SecondClass" name="test3" time="0.015"/>
  <testcase classname="Parameters.SecondClass" name="test3" time="0.015"/>
</testsuite> <!-- Parameters.SecondClass -->
